cpu_profiler.cc(84,9): error C2065: 'uint': undeclared identifier [D:\a\profiling-node\profiling-node\build\cpu_profiler.vcxproj]
cpu_profiler.cc(84,14): error C2146: syntax error: missing ';' before identifier 'i' [D:\a\profiling-node\profiling-node\build\cpu_profiler.vcxproj]
cpu_profiler.cc(84,16): error C2143: syntax error: missing ';' before '=' [D:\a\profiling-node\profiling-node\build\cpu_profiler.vcxproj]
cpu_profiler.cc(84,16): error C2143: syntax error: missing ')' before '=' [D:\a\profiling-node\profiling-node\build\cpu_profiler.vcxproj]
cpu_profiler.cc(84,16): error C2059: syntax error: '=' [D:\a\profiling-node\profiling-node\build\cpu_profiler.vcxproj]
cpu_profiler.cc(84,21): error C2065: 'i': undeclared identifier [D:\a\profiling-node\profiling-node\build\cpu_profiler.vcxproj]
cpu_profiler.cc(84,44): error C2065: 'i': undeclared identifier [D:\a\profiling-node\profiling-node\build\cpu_profiler.vcxproj]
cpu_profiler.cc(84,47): error C2059: syntax error: ')' [D:\a\profiling-node\profiling-node\build\cpu_profiler.vcxproj]
cpu_profiler.cc(85,30): error C2065: 'i': undeclared identifier [D:\a\profiling-node\profiling-node\build\cpu_profiler.vcxproj]
cpu_profiler.cc(85,61): error C2065: 'i': undeclared identifier [D:\a\profiling-node\profiling-node\build\cpu_profiler.vcxproj]
cpu_profiler.cc(85,95): error C2059: syntax error: ';' [D:\a\profiling-node\profiling-node\build\cpu_profiler.vcxproj]
cpu_profiler.cc(88,74): error C2065: 'deoptReasons': undeclared identifier [D:\a\profiling-node\profiling-node\build\cpu_profiler.vcxproj]
cpu_profiler.cc(91,3): error C2059: syntax error: 'return' [D:\a\profiling-node\profiling-node\build\cpu_profiler.vcxproj]
cpu_profiler.cc(92,1): error C2059: syntax error: '}' [D:\a\profiling-node\profiling-node\build\cpu_profiler.vcxproj]
cpu_profiler.cc(92,1): error C2143: syntax error: missing ';' before '}' [D:\a\profiling-node\profiling-node\build\cpu_profiler.vcxproj]
cpu_profiler.cc(95,5): error C2065: 'uint': undeclared identifier [D:\a\profiling-node\profiling-node\build\cpu_profiler.vcxproj]
cpu_profiler.cc(95,10): error C2146: syntax error: missing ';' before identifier 'sampleCount' [D:\a\profiling-node\profiling-node\build\cpu_profiler.vcxproj]
cpu_profiler.cc(95,10): error C2065: 'sampleCount': undeclared identifier [D:\a\profiling-node\profiling-node\build\cpu_profiler.vcxproj]
cpu_profiler.cc(97,44): error C2065: 'sampleCount': undeclared identifier [D:\a\profiling-node\profiling-node\build\cpu_profiler.vcxproj]
cpu_profiler.cc(98,44): error C2065: 'sampleCount': undeclared identifier [D:\a\profiling-node\profiling-node\build\cpu_profiler.vcxproj]
cpu_profiler.cc(104,5): error C2065: 'uint': undeclared identifier [D:\a\profiling-node\profiling-node\build\cpu_profiler.vcxproj]
cpu_profiler.cc(104,10): error C2146: syntax error: missing ';' before identifier 'idx' [D:\a\profiling-node\profiling-node\build\cpu_profiler.vcxproj]
cpu_profiler.cc(104,10): error C2065: 'idx': undeclared identifier [D:\a\profiling-node\profiling-node\build\cpu_profiler.vcxproj]
cpu_profiler.cc(105,9): error C2065: 'uint': undeclared identifier [D:\a\profiling-node\profiling-node\build\cpu_profiler.vcxproj]
cpu_profiler.cc(105,14): error C2146: syntax error: missing ';' before identifier 'i' [D:\a\profiling-node\profiling-node\build\cpu_profiler.vcxproj]
cpu_profiler.cc(105,16): error C2143: syntax error: missing ';' before '=' [D:\a\profiling-node\profiling-node\build\cpu_profiler.vcxproj]
cpu_profiler.cc(105,16): error C2143: syntax error: missing ')' before '=' [D:\a\profiling-node\profiling-node\build\cpu_profiler.vcxproj]
cpu_profiler.cc(105,16): error C2059: syntax error: '=' [D:\a\profiling-node\profiling-node\build\cpu_profiler.vcxproj]
cpu_profiler.cc(105,21): error C2065: 'i': undeclared identifier [D:\a\profiling-node\profiling-node\build\cpu_profiler.vcxproj]
cpu_profiler.cc(105,25): error C2065: 'sampleCount': undeclared identifier [D:\a\profiling-node\profiling-node\build\cpu_profiler.vcxproj]
cpu_profiler.cc(105,38): error C2065: 'i': undeclared identifier [D:\a\profiling-node\profiling-node\build\cpu_profiler.vcxproj]
cpu_profiler.cc(105,41): error C2059: syntax error: ')' [D:\a\profiling-node\profiling-node\build\cpu_profiler.vcxproj]
cpu_profiler.cc(106,9): error C2059: syntax error: 'const' [D:\a\profiling-node\profiling-node\build\cpu_profiler.vcxproj]
cpu_profiler.cc(110,30): error C2882: 'node': illegal use of namespace identifier in expression [D:\a\profiling-node\profiling-node\build\cpu_profiler.vcxproj]
cpu_profiler.cc(112,25): error C3536: 'startNode': cannot be used before it is initialized [D:\a\profiling-node\profiling-node\build\cpu_profiler.vcxproj]
cpu_profiler.cc(121,20): error C2882: 'node': illegal use of namespace identifier in expression [D:\a\profiling-node\profiling-node\build\cpu_profiler.vcxproj]
cpu_profiler.cc(122,46): error C2882: 'node': illegal use of namespace identifier in expression [D:\a\profiling-node\profiling-node\build\cpu_profiler.vcxproj]
cpu_profiler.cc(126,32): error C2882: 'node': illegal use of namespace identifier in expression [D:\a\profiling-node\profiling-node\build\cpu_profiler.vcxproj]
cpu_profiler.cc(128,36): error C2882: 'node': illegal use of namespace identifier in expression [D:\a\profiling-node\profiling-node\build\cpu_profiler.vcxproj]
cpu_profiler.cc(131,50): error C2065: 'idx': undeclared identifier [D:\a\profiling-node\profiling-node\build\cpu_profiler.vcxproj]
cpu_profiler.cc(133,75): error C2065: 'idx': undeclared identifier [D:\a\profiling-node\profiling-node\build\cpu_profiler.vcxproj]
cpu_profiler.cc(133,79): error C2661: 'Nan::Set': no overloaded function takes 2 arguments [D:\a\profiling-node\profiling-node\build\cpu_profiler.vcxproj]
cpu_profiler.cc(134,38): error C2065: 'idx': undeclared identifier [D:\a\profiling-node\profiling-node\build\cpu_profiler.vcxproj]
cpu_profiler.cc(136,25): error C2882: 'node': illegal use of namespace identifier in expression [D:\a\profiling-node\profiling-node\build\cpu_profiler.vcxproj]
cpu_profiler.cc(138,43): error C2882: 'node': illegal use of namespace identifier in expression [D:\a\profiling-node\profiling-node\build\cpu_profiler.vcxproj]
cpu_profiler.cc(139,43): error C2882: 'node': illegal use of namespace identifier in expression [D:\a\profiling-node\profiling-node\build\cpu_profiler.vcxproj]
cpu_profiler.cc(141,17): error C3536: 'deoptReason': cannot be used before it is initialized [D:\a\profiling-node\profiling-node\build\cpu_profiler.vcxproj]
cpu_profiler.cc(134,43): error C2660: 'CreateSampleFrameNode': function does not take 3 arguments [D:\a\profiling-node\profiling-node\build\cpu_profiler.vcxproj]
cpu_profiler.cc(68,15): message : see declaration of 'CreateSampleFrameNode' [D:\a\profiling-node\profiling-node\build\cpu_profiler.vcxproj]
cpu_profiler.cc(142,17): error C2065: 'idx': undeclared identifier [D:\a\profiling-node\profiling-node\build\cpu_profiler.vcxproj]
cpu_profiler.cc(147,18): error C2882: 'node': illegal use of namespace identifier in expression [D:\a\profiling-node\profiling-node\build\cpu_profiler.vcxproj]
cpu_profiler.cc(147,24): error C2882: 'node': illegal use of namespace identifier in expression [D:\a\profiling-node\profiling-node\build\cpu_profiler.vcxproj]
cpu_profiler.cc(151,63): error C2065: 'i': undeclared identifier [D:\a\profiling-node\profiling-node\build\cpu_profiler.vcxproj]
cpu_profiler.cc(153,27): error C2065: 'i': undeclared identifier [D:\a\profiling-node\profiling-node\build\cpu_profiler.vcxproj]
cpu_profiler.cc(154,27): error C2065: 'i': undeclared identifier [D:\a\profiling-node\profiling-node\build\cpu_profiler.vcxproj]
cpu_profiler.cc(160,5): error C2059: syntax error: 'return' [D:\a\profiling-node\profiling-node\build\cpu_profiler.vcxproj]
cpu_profiler.cc(161,1): error C2059: syntax error: '}' [D:\a\profiling-node\profiling-node\build\cpu_profiler.vcxproj]
cpu_profiler.cc(161,1): error C2143: syntax error: missing ';' before '}' [D:\a\profiling-node\profiling-node\build\cpu_profiler.vcxproj]
cpu_profiler.cc(164,55): error C2143: syntax error: missing ';' before '{' [D:\a\profiling-node\profiling-node\build\cpu_profiler.vcxproj]
cpu_profiler.cc(164,55): error C2447: '{': missing function header (old-style formal list?) [D:\a\profiling-node\profiling-node\build\cpu_profiler.vcxproj]
cpu_profiler.cc(212,31): error C3861: 'CreateProfile': identifier not found [D:\a\profiling-node\profiling-node\build\cpu_profiler.vcxproj]